#
# A fatal error has been detected by the Java Runtime Environment:
#
#  SIGSEGV (0xb) at pc=0x00007f908327df31, pid=9295, tid=11006
#
# JRE version: OpenJDK Runtime Environment AdoptOpenJDK (11.0.10+9) (build 11.0.10+9)
# Java VM: OpenJDK 64-Bit Server VM AdoptOpenJDK (11.0.10+9, mixed mode, tiered, compressed oops, g1 gc, linux-amd64)
# Problematic frame:
# C  [libjimage.so+0x3f31]  ImageStrings::find(Endian*, char const*, int*, unsigned int)+0x71
#
# Core dump will be written. Default location: Core dumps may be processed with "/lib/systemd/systemd-coredump %P %u %g %s %t 9223372036854775808 %h" (or dumping to /home/parth/Desktop/work/project/college_poratl_backend/core.9295)
#
# If you would like to submit a bug report, please visit:
#   https://github.com/AdoptOpenJDK/openjdk-support/issues
#

---------------  S U M M A R Y ------------

Command Line: -agentlib:jdwp=transport=dt_socket,server=n,suspend=y,address=localhost:41495 -Dfile.encoding=UTF-8 demo.login.LoginApplication

Host: Intel(R) Core(TM) i5-4210U CPU @ 1.70GHz, 4 cores, 7G, Linux Mint 20.1 Ulyssa
Time: Sat Mar  6 14:53:35 2021 IST elapsed time: 1151.439201 seconds (0d 0h 19m 11s)

---------------  T H R E A D  ---------------

Current thread (0x00007f9010256000):  JavaThread "SpringContextShutdownHook" [_thread_in_vm, id=11006, stack(0x00007f8fdbbfe000,0x00007f8fdbcff000)]

Stack: [0x00007f8fdbbfe000,0x00007f8fdbcff000],  sp=0x00007f8fdbcfa890,  free space=1010k
Native frames: (J=compiled Java code, A=aot compiled Java code, j=interpreted, Vv=VM code, C=native code)
C  [libjimage.so+0x3f31]  ImageStrings::find(Endian*, char const*, int*, unsigned int)+0x71
C  [libjimage.so+0x4c1a]  ImageFileReader::find_location_index(char const*, unsigned long long*) const+0x3a
C  [libjimage.so+0x511a]  JIMAGE_FindResource+0xfa
V  [libjvm.so+0x5fe86e]